nov. 23, 2013 10:21:05 PM org.apache.catalina.core.AprLifecycleListener init
Infos: The APR based Apache Tomcat Native library which allows optimal performance in production environments was not found on the java.library.path: /usr/java/packages/lib/amd64:/usr/lib64:/lib64:/lib:/usr/lib
nov. 23, 2013 10:21:05 PM org.apache.coyote.AbstractProtocol init
Infos: Initializing ProtocolHandler ["http-bio-8080"]
nov. 23, 2013 10:21:05 PM org.apache.coyote.AbstractProtocol init
Infos: Initializing ProtocolHandler ["ajp-bio-8009"]
nov. 23, 2013 10:21:06 PM org.apache.openejb.util.OptionsLog info
Infos: Using 'tomee.force-reloadable=true'
nov. 23, 2013 10:21:06 PM org.apache.openejb.util.OptionsLog info
Infos: Using 'tomee.remote.support=true'
nov. 23, 2013 10:21:06 PM org.apache.openejb.util.OptionsLog info
Infos: Using 'openejb.jdbc.datasource-creator=org.apache.tomee.jdbc.TomEEDataSourceCreator'
nov. 23, 2013 10:21:06 PM org.apache.openejb.OpenEJB$Instance <init>
Infos: ********************************************************************************
nov. 23, 2013 10:21:06 PM org.apache.openejb.OpenEJB$Instance <init>
Infos: OpenEJB http://openejb.apache.org/
nov. 23, 2013 10:21:06 PM org.apache.openejb.OpenEJB$Instance <init>
Infos: Startup: Sat Nov 23 22:21:06 CET 2013
nov. 23, 2013 10:21:06 PM org.apache.openejb.OpenEJB$Instance <init>
Infos: Copyright 1999-2013 (C) Apache OpenEJB Project, All Rights Reserved.
nov. 23, 2013 10:21:06 PM org.apache.openejb.OpenEJB$Instance <init>
Infos: Version: 4.6.0
nov. 23, 2013 10:21:06 PM org.apache.openejb.OpenEJB$Instance <init>
Infos: Build date: 20131117
nov. 23, 2013 10:21:06 PM org.apache.openejb.OpenEJB$Instance <init>
Infos: Build time: 06:49
nov. 23, 2013 10:21:06 PM org.apache.openejb.OpenEJB$Instance <init>
Infos: ********************************************************************************
nov. 23, 2013 10:21:06 PM org.apache.openejb.OpenEJB$Instance <init>
Infos: openejb.home = /home/pouic/development/java/authorization-server-sample/target/apache-tomee
nov. 23, 2013 10:21:06 PM org.apache.openejb.OpenEJB$Instance <init>
Infos: openejb.base = /home/pouic/development/java/authorization-server-sample/target/apache-tomee
nov. 23, 2013 10:21:06 PM org.apache.openejb.cdi.CdiBuilder initializeOWB
Infos: Created new singletonService org.apache.openejb.cdi.ThreadSingletonServiceImpl@56be73e9
nov. 23, 2013 10:21:06 PM org.apache.openejb.cdi.CdiBuilder initializeOWB
Infos: Succeeded in installing singleton service
nov. 23, 2013 10:21:06 PM org.apache.openejb.config.ConfigurationFactory init
Infos: openejb configuration file is '/home/pouic/development/java/authorization-server-sample/target/apache-tomee/conf/tomee.xml'
nov. 23, 2013 10:21:06 PM org.apache.openejb.config.ConfigurationFactory configureService
Infos: Configuring Service(id=Tomcat Security Service, type=SecurityService, provider-id=Tomcat Security Service)
nov. 23, 2013 10:21:06 PM org.apache.openejb.config.ConfigurationFactory configureService
Infos: Configuring Service(id=Default Transaction Manager, type=TransactionManager, provider-id=Default Transaction Manager)
nov. 23, 2013 10:21:06 PM org.apache.openejb.util.OptionsLog info
Infos: Using 'openejb.system.apps=true'
nov. 23, 2013 10:21:06 PM org.apache.openejb.config.ConfigurationFactory configureApplication
Infos: Configuring enterprise application: openejb
nov. 23, 2013 10:21:06 PM org.apache.openejb.config.InitEjbDeployments deploy
Infos: Using openejb.deploymentId.format '{ejbName}'
nov. 23, 2013 10:21:06 PM org.apache.openejb.config.InitEjbDeployments deploy
Infos: Auto-deploying ejb openejb/User: EjbDeployment(deployment-id=openejb/User)
nov. 23, 2013 10:21:07 PM org.apache.openejb.config.InitEjbDeployments deploy
Infos: Auto-deploying ejb openejb/Deployer: EjbDeployment(deployment-id=openejb/Deployer)
nov. 23, 2013 10:21:07 PM org.apache.openejb.config.InitEjbDeployments deploy
Infos: Auto-deploying ejb openejb/ConfigurationInfo: EjbDeployment(deployment-id=openejb/ConfigurationInfo)
nov. 23, 2013 10:21:07 PM org.apache.openejb.config.InitEjbDeployments deploy
Infos: Auto-deploying ejb MEJB: EjbDeployment(deployment-id=MEJB)
nov. 23, 2013 10:21:07 PM org.apache.openejb.config.ConfigurationFactory configureService
Infos: Configuring Service(id=Default Stateless Container, type=Container, provider-id=Default Stateless Container)
nov. 23, 2013 10:21:07 PM org.apache.openejb.config.AutoConfig createContainer
Infos: Auto-creating a container for bean openejb/User: Container(type=STATELESS, id=Default Stateless Container)
nov. 23, 2013 10:21:07 PM org.apache.openejb.config.AppInfoBuilder build
Infos: Enterprise application "openejb" loaded.
nov. 23, 2013 10:21:07 PM org.apache.openejb.assembler.classic.Assembler createRecipe
Infos: Creating TransactionManager(id=Default Transaction Manager)
nov. 23, 2013 10:21:07 PM org.apache.openejb.assembler.classic.Assembler createRecipe
Infos: Creating SecurityService(id=Tomcat Security Service)
nov. 23, 2013 10:21:07 PM org.apache.openejb.assembler.classic.Assembler createRecipe
Infos: Creating Container(id=Default Stateless Container)
nov. 23, 2013 10:21:07 PM org.apache.openejb.assembler.classic.Assembler createApplication
Infos: Assembling app: openejb
nov. 23, 2013 10:21:07 PM org.apache.openejb.util.OptionsLog info
Infos: Using 'openejb.jndiname.format={deploymentId}{interfaceType.openejbLegacyName}'
nov. 23, 2013 10:21:07 PM org.apache.openejb.assembler.classic.JndiBuilder bind
Infos: Jndi(name=openejb/UserBusinessRemote) --> Ejb(deployment-id=openejb/User)
nov. 23, 2013 10:21:07 PM org.apache.openejb.assembler.classic.JndiBuilder bind
Infos: Jndi(name=global/openejb/openejb/User!org.apache.openejb.assembler.util.User) --> Ejb(deployment-id=openejb/User)
nov. 23, 2013 10:21:07 PM org.apache.openejb.assembler.classic.JndiBuilder bind
Infos: Jndi(name=global/openejb/openejb/User) --> Ejb(deployment-id=openejb/User)
nov. 23, 2013 10:21:07 PM org.apache.openejb.assembler.classic.JndiBuilder bind
Infos: Jndi(name=openejb/DeployerBusinessRemote) --> Ejb(deployment-id=openejb/Deployer)
nov. 23, 2013 10:21:07 PM org.apache.openejb.assembler.classic.JndiBuilder bind
Infos: Jndi(name=global/openejb/openejb/Deployer!org.apache.openejb.assembler.Deployer) --> Ejb(deployment-id=openejb/Deployer)
nov. 23, 2013 10:21:07 PM org.apache.openejb.assembler.classic.JndiBuilder bind
Infos: Jndi(name=global/openejb/openejb/Deployer) --> Ejb(deployment-id=openejb/Deployer)
nov. 23, 2013 10:21:07 PM org.apache.openejb.assembler.classic.JndiBuilder bind
Infos: Jndi(name=openejb/ConfigurationInfoBusinessRemote) --> Ejb(deployment-id=openejb/ConfigurationInfo)
nov. 23, 2013 10:21:07 PM org.apache.openejb.assembler.classic.JndiBuilder bind
Infos: Jndi(name=global/openejb/openejb/ConfigurationInfo!org.apache.openejb.assembler.classic.cmd.ConfigurationInfo) --> Ejb(deployment-id=openejb/ConfigurationInfo)
nov. 23, 2013 10:21:07 PM org.apache.openejb.assembler.classic.JndiBuilder bind
Infos: Jndi(name=global/openejb/openejb/ConfigurationInfo) --> Ejb(deployment-id=openejb/ConfigurationInfo)
nov. 23, 2013 10:21:07 PM org.apache.openejb.assembler.classic.JndiBuilder bind
Infos: Jndi(name=MEJB) --> Ejb(deployment-id=MEJB)
nov. 23, 2013 10:21:07 PM org.apache.openejb.assembler.classic.JndiBuilder bind
Infos: Jndi(name=global/openejb/MEJB!javax.management.j2ee.ManagementHome) --> Ejb(deployment-id=MEJB)
nov. 23, 2013 10:21:07 PM org.apache.openejb.assembler.classic.JndiBuilder bind
Infos: Jndi(name=global/openejb/MEJB) --> Ejb(deployment-id=MEJB)
nov. 23, 2013 10:21:07 PM org.apache.openejb.assembler.classic.Assembler startEjbs
Infos: Created Ejb(deployment-id=openejb/Deployer, ejb-name=openejb/Deployer, container=Default Stateless Container)
nov. 23, 2013 10:21:07 PM org.apache.openejb.assembler.classic.Assembler startEjbs
Infos: Created Ejb(deployment-id=MEJB, ejb-name=MEJB, container=Default Stateless Container)
nov. 23, 2013 10:21:07 PM org.apache.openejb.assembler.classic.Assembler startEjbs
Infos: Created Ejb(deployment-id=openejb/ConfigurationInfo, ejb-name=openejb/ConfigurationInfo, container=Default Stateless Container)
nov. 23, 2013 10:21:07 PM org.apache.openejb.assembler.classic.Assembler startEjbs
Infos: Created Ejb(deployment-id=openejb/User, ejb-name=openejb/User, container=Default Stateless Container)
nov. 23, 2013 10:21:07 PM org.apache.openejb.assembler.classic.Assembler startEjbs
Infos: Started Ejb(deployment-id=openejb/Deployer, ejb-name=openejb/Deployer, container=Default Stateless Container)
nov. 23, 2013 10:21:08 PM org.apache.openejb.assembler.classic.Assembler startEjbs
Infos: Started Ejb(deployment-id=MEJB, ejb-name=MEJB, container=Default Stateless Container)
nov. 23, 2013 10:21:08 PM org.apache.openejb.assembler.classic.Assembler startEjbs
Infos: Started Ejb(deployment-id=openejb/ConfigurationInfo, ejb-name=openejb/ConfigurationInfo, container=Default Stateless Container)
nov. 23, 2013 10:21:08 PM org.apache.openejb.assembler.classic.Assembler startEjbs
Infos: Started Ejb(deployment-id=openejb/User, ejb-name=openejb/User, container=Default Stateless Container)
nov. 23, 2013 10:21:08 PM org.apache.openejb.assembler.classic.Assembler deployMBean
Infos: Deployed MBean(openejb.user.mbeans:application=openejb,group=org.apache.openejb.assembler.monitoring,name=JMXDeployer)
nov. 23, 2013 10:21:08 PM org.apache.openejb.assembler.classic.Assembler createApplication
Infos: Deployed Application(path=openejb)
nov. 23, 2013 10:21:08 PM org.apache.openejb.server.ServiceManager initServer
Infos: Creating ServerService(id=cxf)
nov. 23, 2013 10:21:08 PM org.apache.openejb.server.ServiceManager initServer
Infos: Creating ServerService(id=cxf-rs)
nov. 23, 2013 10:21:08 PM org.apache.openejb.server.SimpleServiceManager start
Infos:   ** Bound Services **
nov. 23, 2013 10:21:08 PM org.apache.openejb.server.SimpleServiceManager printRow
Infos:   NAME                 IP              PORT  
nov. 23, 2013 10:21:08 PM org.apache.openejb.server.SimpleServiceManager start
Infos: -------
nov. 23, 2013 10:21:08 PM org.apache.openejb.server.SimpleServiceManager start
Infos: Ready!
nov. 23, 2013 10:21:08 PM org.apache.catalina.startup.Catalina load
Infos: Initialization processed in 4711 ms
nov. 23, 2013 10:21:08 PM org.apache.tomee.catalina.OpenEJBNamingContextListener bindResource
Infos: Importing a Tomcat Resource with id 'UserDatabase' of type 'org.apache.catalina.UserDatabase'.
nov. 23, 2013 10:21:08 PM org.apache.openejb.assembler.classic.Assembler createRecipe
Infos: Creating Resource(id=UserDatabase)
nov. 23, 2013 10:21:08 PM org.apache.catalina.core.StandardService startInternal
Infos: Démarrage du service Catalina
nov. 23, 2013 10:21:08 PM org.apache.catalina.core.StandardEngine startInternal
Infos: Starting Servlet Engine: Apache Tomcat (TomEE)/7.0.47 (1.6.0)
nov. 23, 2013 10:21:08 PM org.apache.catalina.startup.HostConfig deployWAR
Infos: Déploiement de l'archive /home/pouic/development/java/authorization-server-sample/target/apache-tomee/webapps/contest.war de l'application web
nov. 23, 2013 10:21:08 PM org.apache.tomee.catalina.TomcatWebAppBuilder init
Infos: ------------------------- localhost -> /contest
nov. 23, 2013 10:21:08 PM org.apache.openejb.util.JarExtractor extract
Infos: Extracting jar: /home/pouic/development/java/authorization-server-sample/target/apache-tomee/webapps/contest.war
nov. 23, 2013 10:21:09 PM org.apache.openejb.util.JarExtractor extract
Infos: Extracted path: /home/pouic/development/java/authorization-server-sample/target/apache-tomee/webapps/contest
nov. 23, 2013 10:21:09 PM org.apache.openejb.util.OptionsLog info
Infos: Using 'openejb.session.manager=org.apache.tomee.catalina.session.QuickSessionManager'
nov. 23, 2013 10:21:10 PM org.apache.openejb.config.ConfigurationFactory configureApplication
Infos: Configuring enterprise application: /home/pouic/development/java/authorization-server-sample/target/apache-tomee/webapps/contest
nov. 23, 2013 10:21:11 PM org.apache.openejb.config.InitEjbDeployments deploy
Infos: Auto-deploying ejb DBLoader: EjbDeployment(deployment-id=DBLoader)
nov. 23, 2013 10:21:12 PM org.apache.openejb.config.ConfigurationFactory configureService
Infos: Configuring Service(id=contest/db/autor, type=Resource, provider-id=Default JDBC Database)
nov. 23, 2013 10:21:12 PM org.apache.openejb.assembler.classic.Assembler createRecipe
Infos: Creating Resource(id=contest/db/autor)
nov. 23, 2013 10:21:12 PM org.apache.tomee.jdbc.TomEEDataSourceCreator$TomEEDataSource readOnly
Infos: Disabling testOnBorrow since no validation query is provided
nov. 23, 2013 10:21:12 PM org.apache.openejb.config.ConfigurationFactory configureService
Infos: Configuring Service(id=Default Managed Container, type=Container, provider-id=Default Managed Container)
nov. 23, 2013 10:21:12 PM org.apache.openejb.config.AutoConfig createContainer
Infos: Auto-creating a container for bean contest.Comp436898820: Container(type=MANAGED, id=Default Managed Container)
nov. 23, 2013 10:21:12 PM org.apache.openejb.assembler.classic.Assembler createRecipe
Infos: Creating Container(id=Default Managed Container)
nov. 23, 2013 10:21:12 PM org.apache.openejb.core.managed.SimplePassivater init
Infos: Using directory /home/pouic/development/java/authorization-server-sample/target/apache-tomee/temp for stateful session passivation
nov. 23, 2013 10:21:12 PM org.apache.openejb.config.AutoConfig processResourceRef
Infos: Auto-linking resource-ref 'openejb/Resource/contest/db/autor' in bean contest.Comp436898820 to Resource(id=contest/db/autor)
nov. 23, 2013 10:21:12 PM org.apache.openejb.config.AutoConfig processResourceRef
Infos: Auto-linking resource-ref 'openejb/Resource/db/autor' in bean contest.Comp436898820 to Resource(id=contest/db/autor)
nov. 23, 2013 10:21:12 PM org.apache.openejb.config.ConfigurationFactory configureService
Infos: Configuring Service(id=Default Singleton Container, type=Container, provider-id=Default Singleton Container)
nov. 23, 2013 10:21:12 PM org.apache.openejb.config.AutoConfig createContainer
Infos: Auto-creating a container for bean DBLoader: Container(type=SINGLETON, id=Default Singleton Container)
nov. 23, 2013 10:21:12 PM org.apache.openejb.assembler.classic.Assembler createRecipe
Infos: Creating Container(id=Default Singleton Container)
nov. 23, 2013 10:21:12 PM org.apache.openejb.config.AutoConfig processResourceRef
Infos: Auto-linking resource-ref 'openejb/Resource/contest/db/autor' in bean DBLoader to Resource(id=contest/db/autor)
nov. 23, 2013 10:21:12 PM org.apache.openejb.config.AutoConfig processResourceRef
Infos: Auto-linking resource-ref 'openejb/Resource/db/autor' in bean DBLoader to Resource(id=contest/db/autor)
nov. 23, 2013 10:21:12 PM org.apache.openejb.config.AutoConfig deploy
Infos: Configuring PersistenceUnit(name=main/unit)
nov. 23, 2013 10:21:12 PM org.apache.openejb.config.AutoConfig logAutoCreateResource
Infos: Auto-creating a Resource with id 'contest/db/autorNonJta' of type 'DataSource for 'main/unit'.
nov. 23, 2013 10:21:12 PM org.apache.openejb.config.AutoConfig deploy
Infos: Configuring Service(id=contest/db/autorNonJta, type=Resource, provider-id=contest/db/autor)
nov. 23, 2013 10:21:12 PM org.apache.openejb.assembler.classic.Assembler createRecipe
Infos: Creating Resource(id=contest/db/autorNonJta)
nov. 23, 2013 10:21:12 PM org.apache.tomee.jdbc.TomEEDataSourceCreator$TomEEDataSource readOnly
Infos: Disabling testOnBorrow since no validation query is provided
nov. 23, 2013 10:21:12 PM org.apache.openejb.config.AutoConfig setJtaDataSource
Infos: Adjusting PersistenceUnit main/unit <jta-data-source> to Resource ID 'contest/db/autor' from 'db/autor'
nov. 23, 2013 10:21:12 PM org.apache.openejb.config.AutoConfig setNonJtaDataSource
Infos: Adjusting PersistenceUnit main/unit <non-jta-data-source> to Resource ID 'contest/db/autorNonJta' from 'null'
nov. 23, 2013 10:21:12 PM org.apache.openejb.config.AppInfoBuilder build
Infos: Enterprise application "/home/pouic/development/java/authorization-server-sample/target/apache-tomee/webapps/contest" loaded.
nov. 23, 2013 10:21:12 PM org.apache.openejb.assembler.classic.Assembler createApplication
Infos: Assembling app: /home/pouic/development/java/authorization-server-sample/target/apache-tomee/webapps/contest
nov. 23, 2013 10:21:12 PM null
Infos: OpenJPA dynamically loaded a validation provider.
nov. 23, 2013 10:21:12 PM null
Infos: Starting OpenJPA 2.3.0-nonfinal-1540826
nov. 23, 2013 10:21:13 PM null
Infos: Using dictionary class "org.apache.openjpa.jdbc.sql.HSQLDictionary" (HSQL Database Engine 2.3.0 ,HSQL Database Engine Driver 2.3.0).
nov. 23, 2013 10:21:13 PM null
Infos: Connected to HSQL Database Engine version 2.2 using JDBC driver HSQL Database Engine Driver version 2.3.0. 
nov. 23, 2013 10:21:13 PM org.apache.openejb.assembler.classic.ReloadableEntityManagerFactory createDelegate
Infos: PersistenceUnit(name=main/unit, provider=org.apache.openjpa.persistence.PersistenceProviderImpl) - provider time 1454ms
nov. 23, 2013 10:21:13 PM org.apache.openejb.assembler.classic.JndiBuilder bind
Infos: Jndi(name=DBLoaderLocalBean) --> Ejb(deployment-id=DBLoader)
nov. 23, 2013 10:21:13 PM org.apache.openejb.assembler.classic.JndiBuilder bind
Infos: Jndi(name=global/contest/DBLoader!net.atos.xa.contest.batch.DBLoader) --> Ejb(deployment-id=DBLoader)
nov. 23, 2013 10:21:13 PM org.apache.openejb.assembler.classic.JndiBuilder bind
Infos: Jndi(name=global/contest/DBLoader) --> Ejb(deployment-id=DBLoader)
nov. 23, 2013 10:21:13 PM org.apache.openejb.cdi.CdiBuilder initSingleton
Infos: Existing thread singleton service in SystemInstance(): org.apache.openejb.cdi.ThreadSingletonServiceImpl@56be73e9
nov. 23, 2013 10:21:14 PM org.apache.openejb.cdi.OpenEJBLifecycle startApplication
Infos: OpenWebBeans Container is starting...
nov. 23, 2013 10:21:14 PM org.apache.webbeans.plugins.PluginLoader startUp
Infos: Adding OpenWebBeansPlugin : [CdiPlugin]
nov. 23, 2013 10:21:14 PM org.apache.webbeans.plugins.PluginLoader startUp
Infos: Adding OpenWebBeansPlugin : [OpenWebBeansJsfPlugin]
nov. 23, 2013 10:21:14 PM org.apache.deltaspike.core.util.ClassDeactivationUtils cacheResult
Infos: class: org.apache.deltaspike.security.impl.extension.SecurityExtension activated=true
nov. 23, 2013 10:21:14 PM org.apache.deltaspike.core.util.ClassDeactivationUtils cacheResult
Infos: class: org.apache.deltaspike.core.impl.exception.control.extension.ExceptionControlExtension activated=true
nov. 23, 2013 10:21:14 PM org.apache.deltaspike.core.util.ClassDeactivationUtils cacheResult
Infos: class: org.apache.deltaspike.core.impl.message.MessageBundleExtension activated=true
nov. 23, 2013 10:21:14 PM org.apache.deltaspike.core.util.ClassDeactivationUtils cacheResult
Infos: class: org.apache.deltaspike.partialbean.impl.PartialBeanBindingExtension activated=true
nov. 23, 2013 10:21:14 PM org.apache.deltaspike.core.util.ClassDeactivationUtils cacheResult
Infos: class: org.apache.deltaspike.jsf.impl.scope.mapped.MappedJsf2ScopeExtension activated=true
nov. 23, 2013 10:21:14 PM org.apache.deltaspike.core.util.ClassDeactivationUtils cacheResult
Infos: class: org.apache.deltaspike.core.impl.jmx.MBeanExtension activated=true
nov. 23, 2013 10:21:14 PM org.apache.deltaspike.core.util.ClassDeactivationUtils cacheResult
Infos: class: org.apache.deltaspike.core.impl.config.ConfigurationExtension activated=true
nov. 23, 2013 10:21:14 PM org.apache.deltaspike.core.util.ClassDeactivationUtils cacheResult
Infos: class: org.apache.deltaspike.jsf.impl.scope.view.ViewScopedExtension activated=true
nov. 23, 2013 10:21:14 PM org.apache.deltaspike.core.util.ClassDeactivationUtils cacheResult
Infos: class: org.apache.deltaspike.core.impl.exclude.extension.ExcludeExtension activated=true
nov. 23, 2013 10:21:14 PM org.apache.deltaspike.core.util.ClassDeactivationUtils cacheResult
Infos: class: org.apache.deltaspike.core.impl.exclude.CustomProjectStageBeanFilter activated=true
nov. 23, 2013 10:21:14 PM org.apache.deltaspike.core.util.ClassDeactivationUtils cacheResult
Infos: class: org.apache.deltaspike.core.impl.exclude.GlobalAlternative activated=true
nov. 23, 2013 10:21:14 PM org.apache.deltaspike.core.util.ClassDeactivationUtils cacheResult
Infos: class: org.apache.deltaspike.jsf.impl.config.view.ViewConfigExtension activated=true
nov. 23, 2013 10:21:14 PM org.apache.deltaspike.core.util.ProjectStageProducer initProjectStage
Infos: Computed the following DeltaSpike ProjectStage: Production
nov. 23, 2013 10:21:15 PM org.apache.webbeans.config.BeansDeployer validateInjectionPoints
Infos: All injection points were validated successfully.
nov. 23, 2013 10:21:16 PM org.apache.openejb.cdi.OpenEJBLifecycle startApplication
Infos: OpenWebBeans Container has started, it took 2003 ms.
nov. 23, 2013 10:21:16 PM org.apache.openejb.assembler.classic.Assembler startEjbs
Infos: Created Ejb(deployment-id=DBLoader, ejb-name=DBLoader, container=Default Singleton Container)
nov. 23, 2013 10:21:16 PM org.apache.openejb.assembler.classic.Assembler startEjbs
Infos: Started Ejb(deployment-id=DBLoader, ejb-name=DBLoader, container=Default Singleton Container)
nov. 23, 2013 10:21:16 PM org.apache.openejb.assembler.classic.Assembler createApplication
Infos: Deployed Application(path=/home/pouic/development/java/authorization-server-sample/target/apache-tomee/webapps/contest)
nov. 23, 2013 10:21:19 PM org.apache.tomee.myfaces.TomEEMyFacesContainerInitializer addListener
Infos: Installing <listener>org.apache.myfaces.webapp.StartupServletContextListener</listener>
nov. 23, 2013 10:21:19 PM org.apache.myfaces.config.DefaultFacesConfigurationProvider getStandardFacesConfig
Infos: Reading standard config META-INF/standard-faces-config.xml
nov. 23, 2013 10:21:20 PM org.apache.myfaces.config.DefaultFacesConfigurationProvider getClassloaderFacesConfig
Infos: Reading config : jar:file:/home/pouic/development/java/authorization-server-sample/target/apache-tomee/webapps/contest/WEB-INF/lib/primefaces-4.0.jar!/META-INF/faces-config.xml
nov. 23, 2013 10:21:20 PM org.apache.myfaces.config.DefaultFacesConfigurationProvider getClassloaderFacesConfig
Infos: Reading config : jar:file:/home/pouic/development/java/authorization-server-sample/target/apache-tomee/lib/openwebbeans-jsf-1.2.1.jar!/META-INF/faces-config.xml
nov. 23, 2013 10:21:20 PM org.apache.myfaces.config.DefaultFacesConfigurationProvider getClassloaderFacesConfig
Infos: Reading config : jar:file:/home/pouic/development/java/authorization-server-sample/target/apache-tomee/webapps/contest/WEB-INF/lib/deltaspike-jsf-module-impl-0.5.jar!/META-INF/faces-config.xml
nov. 23, 2013 10:21:20 PM org.apache.myfaces.config.DefaultFacesConfigurationProvider getClassloaderFacesConfig
Infos: Reading config : jar:file:/home/pouic/development/java/authorization-server-sample/target/apache-tomee/lib/openwebbeans-el22-1.2.1.jar!/META-INF/faces-config.xml
nov. 23, 2013 10:21:21 PM org.apache.myfaces.config.LogMetaInfUtils logArtifact
Infos: Artifact 'myfaces-api' was found in version '2.1.13' from path 'file:/home/pouic/development/java/authorization-server-sample/target/apache-tomee/lib/myfaces-api-2.1.13.jar'
nov. 23, 2013 10:21:21 PM org.apache.myfaces.config.LogMetaInfUtils logArtifact
Infos: Artifact 'myfaces-impl' was found in version '2.1.13' from path 'file:/home/pouic/development/java/authorization-server-sample/target/apache-tomee/lib/myfaces-impl-2.1.13.jar'
nov. 23, 2013 10:21:21 PM org.apache.deltaspike.core.util.ClassDeactivationUtils cacheResult
Infos: class: org.apache.deltaspike.jsf.impl.listener.action.DeltaSpikeActionListener activated=true
nov. 23, 2013 10:21:21 PM org.apache.deltaspike.core.util.ClassDeactivationUtils cacheResult
Infos: class: org.apache.deltaspike.jsf.impl.navigation.DeltaSpikeNavigationHandler activated=true
nov. 23, 2013 10:21:21 PM org.apache.deltaspike.core.util.ClassDeactivationUtils cacheResult
Infos: class: org.apache.deltaspike.jsf.impl.view.DeltaSpikeViewHandler activated=true
nov. 23, 2013 10:21:21 PM org.apache.deltaspike.core.util.ClassDeactivationUtils cacheResult
Infos: class: org.apache.deltaspike.jsf.impl.security.SecurityAwareViewHandler activated=true
nov. 23, 2013 10:21:21 PM org.apache.myfaces.util.ExternalSpecifications isBeanValidationAvailable
Infos: MyFaces Bean Validation support enabled
nov. 23, 2013 10:21:21 PM org.apache.deltaspike.core.util.ClassDeactivationUtils cacheResult
Infos: class: org.apache.deltaspike.jsf.impl.listener.request.DeltaSpikeLifecycleFactoryWrapper activated=true
nov. 23, 2013 10:21:21 PM org.apache.deltaspike.core.util.ClassDeactivationUtils cacheResult
Infos: class: org.apache.deltaspike.jsf.impl.listener.phase.JsfRequestLifecyclePhaseListener activated=true
nov. 23, 2013 10:21:21 PM org.apache.deltaspike.core.util.ClassDeactivationUtils cacheResult
Infos: class: org.apache.deltaspike.jsf.impl.listener.phase.DeltaSpikePhaseListener activated=true
nov. 23, 2013 10:21:21 PM org.apache.myfaces.config.FacesConfigurator handleSerialFactory
Infos: Serialization provider : class org.apache.myfaces.shared_impl.util.serial.DefaultSerialFactory
nov. 23, 2013 10:21:21 PM org.apache.myfaces.config.annotation.DefaultLifecycleProviderFactory getLifecycleProvider
Infos: Using LifecycleProvider org.apache.myfaces.config.annotation.Tomcat7AnnotationLifecycleProvider
nov. 23, 2013 10:21:21 PM org.primefaces.webapp.PostConstructApplicationEventListener processEvent
Infos: Running on PrimeFaces 4.0
nov. 23, 2013 10:21:21 PM org.apache.myfaces.webapp.AbstractFacesInitializer initFaces
Infos: ServletContext initialized.
nov. 23, 2013 10:21:21 PM org.apache.myfaces.util.ExternalSpecifications isUnifiedELAvailable
Infos: MyFaces Unified EL support enabled
nov. 23, 2013 10:21:21 PM org.apache.deltaspike.core.util.ClassDeactivationUtils cacheResult
Infos: class: org.apache.deltaspike.jsf.impl.listener.request.DeltaSpikeFacesContextFactory activated=true
nov. 23, 2013 10:21:21 PM org.apache.openejb.server.cxf.rs.CxfRsHttpListener configureFactory
Infos: Using providers [com.fasterxml.jackson.jaxrs.json.JacksonJsonProvider@73eec1]
nov. 23, 2013 10:21:21 PM org.apache.openejb.server.cxf.rs.CxfRsHttpListener logEndpoints
Infos: REST Application: http://localhost:8080/contest/rest            -> net.atos.xa.contest.rest.ApplicationConfig
nov. 23, 2013 10:21:21 PM org.apache.openejb.server.cxf.rs.CxfRsHttpListener logEndpoints
Infos:      Service URI: http://localhost:8080/contest/rest/           -> Pojo net.atos.xa.contest.rest.AuthorizationService
nov. 23, 2013 10:21:21 PM org.apache.openejb.server.cxf.rs.CxfRsHttpListener logEndpoints
Infos:               GET http://localhost:8080/contest/rest/ping       ->      String ping()                                         
nov. 23, 2013 10:21:21 PM org.apache.openejb.server.cxf.rs.CxfRsHttpListener logEndpoints
Infos:               GET http://localhost:8080/contest/rest/reset      ->      String reset()                                        
nov. 23, 2013 10:21:21 PM org.apache.openejb.server.cxf.rs.CxfRsHttpListener logEndpoints
Infos:              POST http://localhost:8080/contest/rest/authorized ->      AuthorizationResponse authorized(AuthorizationRequest)
nov. 23, 2013 10:21:22 PM org.apache.coyote.AbstractProtocol start
Infos: Starting ProtocolHandler ["http-bio-8080"]
nov. 23, 2013 10:21:22 PM org.apache.coyote.AbstractProtocol start
Infos: Starting ProtocolHandler ["ajp-bio-8009"]
nov. 23, 2013 10:21:22 PM org.apache.catalina.startup.Catalina start
Infos: Server startup in 13279 ms
nov. 23, 2013 10:21:22 PM org.apache.deltaspike.core.util.ClassDeactivationUtils cacheResult
Infos: class: org.apache.deltaspike.jsf.impl.listener.request.DeltaSpikeExternalContextWrapper activated=true
nov. 23, 2013 10:21:22 PM org.apache.deltaspike.core.util.ClassDeactivationUtils cacheResult
Infos: class: org.apache.deltaspike.jsf.impl.listener.request.BeforeAfterJsfRequestBroadcaster activated=true
nov. 23, 2013 10:21:42 PM org.apache.deltaspike.core.util.ClassDeactivationUtils cacheResult
Infos: class: org.apache.deltaspike.jsf.impl.config.view.ViewControllerActionListener activated=true
nov. 23, 2013 10:22:03 PM org.apache.catalina.core.StandardServer await
Infos: A valid shutdown command was received via the shutdown port. Stopping the Server instance.
nov. 23, 2013 10:22:03 PM org.apache.coyote.AbstractProtocol pause
Infos: Pausing ProtocolHandler ["http-bio-8080"]
nov. 23, 2013 10:22:03 PM org.apache.coyote.AbstractProtocol pause
Infos: Pausing ProtocolHandler ["ajp-bio-8009"]
nov. 23, 2013 10:22:03 PM org.apache.catalina.core.StandardService stopInternal
Infos: Arrêt du service Catalina
nov. 23, 2013 10:22:03 PM org.apache.openejb.assembler.classic.Assembler destroyApplication
Infos: Undeploying app: /home/pouic/development/java/authorization-server-sample/target/apache-tomee/webapps/contest
nov. 23, 2013 10:22:03 PM org.apache.openejb.assembler.classic.Assembler destroyResource
Infos: Closing DataSource: contest/db/autor
nov. 23, 2013 10:22:03 PM org.apache.coyote.AbstractProtocol stop
Infos: Stopping ProtocolHandler ["http-bio-8080"]
nov. 23, 2013 10:22:03 PM org.apache.coyote.AbstractProtocol stop
Infos: Stopping ProtocolHandler ["ajp-bio-8009"]
nov. 23, 2013 10:22:03 PM org.apache.openejb.server.SimpleServiceManager stop
Infos: Stopping server services
nov. 23, 2013 10:22:03 PM org.apache.openejb.assembler.classic.Assembler destroyApplication
Infos: Undeploying app: openejb
nov. 23, 2013 10:22:03 PM org.apache.openejb.assembler.classic.Assembler destroyResource
Infos: Closing DataSource: autorNonJta
nov. 23, 2013 10:22:03 PM org.apache.coyote.AbstractProtocol destroy
Infos: Destroying ProtocolHandler ["http-bio-8080"]
nov. 23, 2013 10:22:03 PM org.apache.coyote.AbstractProtocol destroy
Infos: Destroying ProtocolHandler ["ajp-bio-8009"]
